<?xml version="1.0" encoding="UTF-8"?>
<testsuite xmlns:xsi="http://www.w3.org/2001/XMLSchema-instance" xsi:noNamespaceSchemaLocation="https://maven.apache.org/surefire/maven-surefire-plugin/xsd/surefire-test-report-3.0.xsd" version="3.0" name="com.example.JWT_RestAPI.UserTest" time="3.81" tests="6" errors="0" skipped="0" failures="0">
  <properties>
[...]
</properties>
  <testcase name="testOnlyModerado" classname="com.example.JWT_RestAPI.UserTest" time="0.066">
    <system-out><![CDATA[
  .   ____          _            __ _ _
 /\\ / ___'_ __ _ _(_)_ __  __ _ \ \ \ \
( ( )\___ | '_ | '_| | '_ \/ _` | \ \ \ \
 \\/  ___)| |_)| | | | | || (_| |  ) ) ) )
  '  |____| .__|_| |_|_| |_\__, | / / / /
 =========|_|==============|___/=/_/_/_/
 :: Spring Boot ::                (v3.2.1)

2024-06-20T13:23:01.099-03:00  INFO 14748 --- [           main] com.example.JWT_RestAPI.UserTest         : Starting UserTest using Java 22 with PID 14748 (started by Jade in C:\Users\Jade\IdeaProjects\Documentation_JWT_RestAPI)
2024-06-20T13:23:01.102-03:00  INFO 14748 --- [           main] com.example.JWT_RestAPI.UserTest         : No active profile set, falling back to 1 default profile: "default"
2024-06-20T13:23:02.717-03:00  INFO 14748 --- [           main] o.s.s.web.DefaultSecurityFilterChain     : Will secure any request with [org.springframework.security.web.session.DisableEncodeUrlFilter@4a9a878, org.springframework.security.web.context.request.async.WebAsyncManagerIntegrationFilter@1b3ab4f9, org.springframework.security.web.context.SecurityContextHolderFilter@69cd7630, org.springframework.security.web.header.HeaderWriterFilter@5809fa26, org.springframework.web.filter.CorsFilter@5c6a5192, org.springframework.security.web.authentication.logout.LogoutFilter@42ea7565, org.springframework.security.web.authentication.www.BasicAuthenticationFilter@5a08b084, org.springframework.security.web.savedrequest.RequestCacheAwareFilter@2b53840a, org.springframework.security.web.servletapi.SecurityContextHolderAwareRequestFilter@3caafa67, org.springframework.security.web.authentication.AnonymousAuthenticationFilter@1c8f6c66, org.springframework.security.web.access.ExceptionTranslationFilter@125d47c4, org.springframework.security.web.access.intercept.AuthorizationFilter@2b736fee]
2024-06-20T13:23:03.107-03:00  INFO 14748 --- [           main] com.example.JWT_RestAPI.UserTest         : Started UserTest in 2.385 seconds (process running for 3.462)
]]></system-out>
    <system-err><![CDATA[WARNING: A Java agent has been loaded dynamically (C:\Users\Jade\.m2\repository\net\bytebuddy\byte-buddy-agent\1.14.10\byte-buddy-agent-1.14.10.jar)
WARNING: If a serviceability tool is in use, please run with -XX:+EnableDynamicAgentLoading to hide this warning
WARNING: If a serviceability tool is not in use, please run with -Djdk.instrument.traceUsage for more information
WARNING: Dynamic loading of agents will be disallowed by default in a future release
]]></system-err>
  </testcase>
  <testcase name="testLogin" classname="com.example.JWT_RestAPI.UserTest" time="0.052"/>
  <testcase name="testExtractUsername" classname="com.example.JWT_RestAPI.UserTest" time="0.008"/>
  <testcase name="testGetUser" classname="com.example.JWT_RestAPI.UserTest" time="0.007"/>
  <testcase name="testOnlyAdmin" classname="com.example.JWT_RestAPI.UserTest" time="0.007"/>
  <testcase name="testOnlyComum" classname="com.example.JWT_RestAPI.UserTest" time="0.005"/>
</testsuite>